<?xml version="1.0" encoding="UTF-8"?>
<testsuite xmlns:xsi="http://www.w3.org/2001/XMLSchema-instance" xsi:noNamespaceSchemaLocation="https://maven.apache.org/surefire/maven-surefire-plugin/xsd/surefire-test-report.xsd" name="pos_java_jdbc.pos_java_jdbc.TesteBancoJsbc" time="0.454" tests="4" errors="0" skipped="0" failures="0">
  <properties>
[...]
</properties>
  <testcase name="initatualizar" classname="pos_java_jdbc.pos_java_jdbc.TesteBancoJsbc" time="0.419"/>
  <testcase name="initListar" classname="pos_java_jdbc.pos_java_jdbc.TesteBancoJsbc" time="0.033"/>
  <testcase name="initSalvar" classname="pos_java_jdbc.pos_java_jdbc.TesteBancoJsbc" time="0"/>
  <testcase name="initbuscar" classname="pos_java_jdbc.pos_java_jdbc.TesteBancoJsbc" time="0"/>
</testsuite>